<?xml version="1.0" encoding="UTF-8"?>
<!-- xref JBehaviourXRef [run=[JBehaviourReportRun [duration=33, klass=org.jbehaviour.plugins.remote, name=createNewResource, text=with remote create $type resource $url identified by $resource, textLikeMethod=withRemoteCreateTypeResourceUrlIdentifiedByResource, object=org.jbehaviour.plugins.remote.JBehaviourRemoteSteps@285396e1, args=[sftp, sftp://none:none@localhost, sftp@gandalf], pck=verifyWeCanMakeSomeTestWithRemote, result=null, excp=null], JBehaviourReportRun [duration=381, klass=org.jbehaviour.plugins.remote, name=listDirectory, text=with remote list directory $directory on $resource, textLikeMethod=withRemoteListDirectoryDirectoryOnResource, object=org.jbehaviour.plugins.remote.JBehaviourRemoteSteps@285396e1, args=[/etc, sftp@gandalf], pck=verifyWeCanMakeSomeTestWithRemote, result=[ResourcesItem [name=dummy.txt, fullName=/etc/dummy.txt, longName=-rwx------   1 0        0               0 déc. 01 11:56 dummy.txt, canRead=true, canWrite=true, size=0]], excp=null], JBehaviourReportRun [duration=18, klass=org.jbehaviour.plugins.remote, name=checkIfFileExistOnResource, text=with remote check if $file exist on $resource, textLikeMethod=withRemoteCheckIfFileExistOnResource, object=org.jbehaviour.plugins.remote.JBehaviourRemoteSteps@285396e1, args=[/etc/passwd, sftp@gandalf], pck=verifyWeCanMakeSomeTestWithRemote, result=true, excp=null], JBehaviourReportRun [duration=6, klass=org.jbehaviour.plugins.remote, name=createNewResource, text=with remote create $type resource $url identified by $resource, textLikeMethod=withRemoteCreateTypeResourceUrlIdentifiedByResource, object=org.jbehaviour.plugins.remote.JBehaviourRemoteSteps@285396e1, args=[ssh, ssh://none:none@localhost, ssh@gandalf], pck=verifyWeCanMakeSomeTestWithRemote, result=null, excp=null], JBehaviourReportRun [duration=92, klass=org.jbehaviour.plugins.remote, name=executeCommand, text=with remote execute command $command on $resource, textLikeMethod=withRemoteExecuteCommandCommandOnResource, object=org.jbehaviour.plugins.remote.JBehaviourRemoteSteps@285396e1, args=[ls -lrt, ssh@gandalf], pck=verifyWeCanMakeSomeTestWithRemote, result=[host fictif>
host fictif>a b
host fictif>a b c
], excp=null]], getDisabled()=0, getErrors()=0, getFailures()=0, getName()=remote.story, getTests()=5, getTime()=530] -->
<testsuites disabled="0" errors="0" failures="0" name="remote.story" tests="5" time="530">
<!-- testsuite JBehaviourXRefSuite [time=530, tests=5, failures=0, errors=0, disabled=0, runs=[JBehaviourReportRun [duration=33, klass=org.jbehaviour.plugins.remote, name=createNewResource, text=with remote create $type resource $url identified by $resource, textLikeMethod=withRemoteCreateTypeResourceUrlIdentifiedByResource, object=org.jbehaviour.plugins.remote.JBehaviourRemoteSteps@285396e1, args=[sftp, sftp://none:none@localhost, sftp@gandalf], pck=verifyWeCanMakeSomeTestWithRemote, result=null, excp=null], JBehaviourReportRun [duration=381, klass=org.jbehaviour.plugins.remote, name=listDirectory, text=with remote list directory $directory on $resource, textLikeMethod=withRemoteListDirectoryDirectoryOnResource, object=org.jbehaviour.plugins.remote.JBehaviourRemoteSteps@285396e1, args=[/etc, sftp@gandalf], pck=verifyWeCanMakeSomeTestWithRemote, result=[ResourcesItem [name=dummy.txt, fullName=/etc/dummy.txt, longName=-rwx------   1 0        0               0 déc. 01 11:56 dummy.txt, canRead=true, canWrite=true, size=0]], excp=null], JBehaviourReportRun [duration=18, klass=org.jbehaviour.plugins.remote, name=checkIfFileExistOnResource, text=with remote check if $file exist on $resource, textLikeMethod=withRemoteCheckIfFileExistOnResource, object=org.jbehaviour.plugins.remote.JBehaviourRemoteSteps@285396e1, args=[/etc/passwd, sftp@gandalf], pck=verifyWeCanMakeSomeTestWithRemote, result=true, excp=null], JBehaviourReportRun [duration=6, klass=org.jbehaviour.plugins.remote, name=createNewResource, text=with remote create $type resource $url identified by $resource, textLikeMethod=withRemoteCreateTypeResourceUrlIdentifiedByResource, object=org.jbehaviour.plugins.remote.JBehaviourRemoteSteps@285396e1, args=[ssh, ssh://none:none@localhost, ssh@gandalf], pck=verifyWeCanMakeSomeTestWithRemote, result=null, excp=null], JBehaviourReportRun [duration=92, klass=org.jbehaviour.plugins.remote, name=executeCommand, text=with remote execute command $command on $resource, textLikeMethod=withRemoteExecuteCommandCommandOnResource, object=org.jbehaviour.plugins.remote.JBehaviourRemoteSteps@285396e1, args=[ls -lrt, ssh@gandalf], pck=verifyWeCanMakeSomeTestWithRemote, result=[host fictif>
host fictif>a b
host fictif>a b c
], excp=null]]] -->
    <testsuite disabled="0" errors="0" failures="0"
        package="verifyWeCanMakeSomeTestWithRemote" skipped="0" tests="5" time="530" timestamp="">
        <properties>
[...]
</properties>
<!-- testcase JBehaviourReportRun [duration=33, klass=org.jbehaviour.plugins.remote, name=createNewResource, text=with remote create $type resource $url identified by $resource, textLikeMethod=withRemoteCreateTypeResourceUrlIdentifiedByResource, object=org.jbehaviour.plugins.remote.JBehaviourRemoteSteps@285396e1, args=[sftp, sftp://none:none@localhost, sftp@gandalf], pck=verifyWeCanMakeSomeTestWithRemote, result=null, excp=null] -->
        <testcase assertions="" classname="verifyWeCanMakeSomeTestWithRemote" name="withRemoteCreateTypeResourceUrlIdentifiedByResource" status="" time="0.033">
            <system-out>
</system-out>
            <system-err>http://none:none@localhost

</system-err>
        </testcase>
<!-- testcase JBehaviourReportRun [duration=381, klass=org.jbehaviour.plugins.remote, name=listDirectory, text=with remote list directory $directory on $resource, textLikeMethod=withRemoteListDirectoryDirectoryOnResource, object=org.jbehaviour.plugins.remote.JBehaviourRemoteSteps@285396e1, args=[/etc, sftp@gandalf], pck=verifyWeCanMakeSomeTestWithRemote, result=[ResourcesItem [name=dummy.txt, fullName=/etc/dummy.txt, longName=-rwx------   1 0        0               0 déc. 01 11:56 dummy.txt, canRead=true, canWrite=true, size=0]], excp=null] -->
        <testcase assertions="" classname="verifyWeCanMakeSomeTestWithRemote" name="withRemoteListDirectoryDirectoryOnResource" status="" time="0.381">
            <system-out>
</system-out>
            <system-err>déc. 01, 2012 11:56:15 PM com.sshtools.j2ssh.transport.cipher.SshCipherFactory <clinit>
Infos: Loading supported cipher algorithms
déc. 01, 2012 11:56:15 PM com.sshtools.j2ssh.transport.kex.SshKeyExchangeFactory <clinit>
Infos: Loading key exchange methods
déc. 01, 2012 11:56:15 PM com.sshtools.j2ssh.configuration.ConfigurationLoader initialize
Infos: JAVA version is 1.7.0
déc. 01, 2012 11:56:15 PM com.sshtools.j2ssh.configuration.ConfigurationLoader initialize
Infos: Extension U:\tools\com\jdk\jdk1.7.0\jre\lib\ext\dnsns.jar being added to classpath
déc. 01, 2012 11:56:15 PM com.sshtools.j2ssh.util.ExtensionClassLoader add
Infos: Adding U:\tools\com\jdk\jdk1.7.0\jre\lib\ext\dnsns.jar to the extension classpath
déc. 01, 2012 11:56:15 PM com.sshtools.j2ssh.configuration.ConfigurationLoader initialize
Infos: Extension U:\tools\com\jdk\jdk1.7.0\jre\lib\ext\localedata.jar being added to classpath
déc. 01, 2012 11:56:15 PM com.sshtools.j2ssh.util.ExtensionClassLoader add
Infos: Adding U:\tools\com\jdk\jdk1.7.0\jre\lib\ext\localedata.jar to the extension classpath
déc. 01, 2012 11:56:15 PM com.sshtools.j2ssh.configuration.ConfigurationLoader initialize
Infos: Extension U:\tools\com\jdk\jdk1.7.0\jre\lib\ext\sunec.jar being added to classpath
déc. 01, 2012 11:56:15 PM com.sshtools.j2ssh.util.ExtensionClassLoader add
Infos: Adding U:\tools\com\jdk\jdk1.7.0\jre\lib\ext\sunec.jar to the extension classpath
déc. 01, 2012 11:56:15 PM com.sshtools.j2ssh.configuration.ConfigurationLoader initialize
Infos: Extension U:\tools\com\jdk\jdk1.7.0\jre\lib\ext\sunjce_provider.jar being added to classpath
déc. 01, 2012 11:56:15 PM com.sshtools.j2ssh.util.ExtensionClassLoader add
Infos: Adding U:\tools\com\jdk\jdk1.7.0\jre\lib\ext\sunjce_provider.jar to the extension classpath
déc. 01, 2012 11:56:15 PM com.sshtools.j2ssh.configuration.ConfigurationLoader initialize
Infos: Extension U:\tools\com\jdk\jdk1.7.0\jre\lib\ext\sunmscapi.jar being added to classpath
déc. 01, 2012 11:56:15 PM com.sshtools.j2ssh.util.ExtensionClassLoader add
Infos: Adding U:\tools\com\jdk\jdk1.7.0\jre\lib\ext\sunmscapi.jar to the extension classpath
déc. 01, 2012 11:56:15 PM com.sshtools.j2ssh.configuration.ConfigurationLoader initialize
Infos: Extension U:\tools\com\jdk\jdk1.7.0\jre\lib\ext\zipfs.jar being added to classpath
déc. 01, 2012 11:56:15 PM com.sshtools.j2ssh.util.ExtensionClassLoader add
Infos: Adding U:\tools\com\jdk\jdk1.7.0\jre\lib\ext\zipfs.jar to the extension classpath
déc. 01, 2012 11:56:15 PM com.sshtools.j2ssh.transport.publickey.SshKeyPairFactory <clinit>
Infos: Loading public key algorithms
déc. 01, 2012 11:56:15 PM com.sshtools.j2ssh.transport.compression.SshCompressionFactory <clinit>
Infos: Loading compression methods
déc. 01, 2012 11:56:15 PM com.sshtools.j2ssh.transport.hmac.SshHmacFactory <clinit>
Infos: Loading message authentication methods
déc. 01, 2012 11:56:15 PM com.sshtools.j2ssh.transport.TransportProtocolCommon startTransportProtocol
Infos: Starting transport protocol
déc. 01, 2012 11:56:15 PM com.sshtools.j2ssh.transport.TransportProtocolCommon run
Infos: Registering transport protocol messages with inputstream
1545 [NioProcessor-2] INFO org.apache.sshd.server.session.ServerSession - Session created from /127.0.0.1:64075
déc. 01, 2012 11:56:15 PM com.sshtools.j2ssh.transport.TransportProtocolCommon negotiateVersion
Infos: Negotiating protocol version
déc. 01, 2012 11:56:15 PM com.sshtools.j2ssh.transport.TransportProtocolCommon negotiateVersion
Infos: Protocol negotiation complete
déc. 01, 2012 11:56:15 PM com.sshtools.j2ssh.transport.TransportProtocolCommon beginKeyExchange
Infos: Starting key exchange
déc. 01, 2012 11:56:15 PM com.sshtools.j2ssh.transport.kex.DhGroup1Sha1 performClientExchange
Infos: Starting client side key exchange.
déc. 01, 2012 11:56:15 PM com.sshtools.j2ssh.transport.TransportProtocolClient verifyHostKey
Infos: The host key signature is  valid
déc. 01, 2012 11:56:15 PM com.sshtools.j2ssh.transport.TransportProtocolCommon completeKeyExchange
Infos: Completing key exchange
déc. 01, 2012 11:56:15 PM com.sshtools.j2ssh.transport.cipher.SshCipherFactory newInstance
Infos: Creating new blowfish-cbc cipher instance
déc. 01, 2012 11:56:15 PM com.sshtools.j2ssh.transport.cipher.SshCipherFactory newInstance
Infos: Creating new blowfish-cbc cipher instance
1733 [NioProcessor-2] INFO org.jbehaviour.plugins.remote.MockSftpServer - Authenticate with none
1734 [NioProcessor-2] INFO org.apache.sshd.server.session.ServerSession - Session none@/127.0.0.1:64075 authenticated
déc. 01, 2012 11:56:15 PM com.sshtools.j2ssh.connection.ConnectionProtocol onServiceInit
Infos: Registering connection protocol messages
déc. 01, 2012 11:56:15 PM com.sshtools.j2ssh.transport.Service start
Infos: ssh-connection has been requested
déc. 01, 2012 11:56:15 PM com.sshtools.j2ssh.transport.AsyncService onStart
Infos: Starting ssh-connection service thread
1738 [main] INFO org.jbehaviour.plugins.remote.impl.SslFileSystemResource - The authentication is complete
déc. 01, 2012 11:56:15 PM com.sshtools.j2ssh.connection.ConnectionProtocol openChannel
Infos: Channel 0 is open [session]
déc. 01, 2012 11:56:15 PM com.sshtools.j2ssh.connection.ConnectionProtocol openChannel
Infos: Channel 1 is open [sftp]
déc. 01, 2012 11:56:15 PM com.sshtools.j2ssh.sftp.SftpSubsystemClient initialize
Infos: Initializing SFTP protocol version 3
déc. 01, 2012 11:56:15 PM com.sshtools.j2ssh.subsystem.SubsystemChannel startSubsystem
Infos: Starting sftp subsystem
déc. 01, 2012 11:56:15 PM com.sshtools.j2ssh.connection.ConnectionProtocol sendChannelRequest
Infos: Sending subsystem request for the session channel
déc. 01, 2012 11:56:15 PM com.sshtools.j2ssh.connection.ConnectionProtocol sendChannelRequest
Infos: Waiting for channel request reply
déc. 01, 2012 11:56:15 PM com.sshtools.j2ssh.connection.ConnectionProtocol sendChannelRequest
Infos: Channel request succeeded
déc. 01, 2012 11:56:16 PM com.sshtools.j2ssh.sftp.SftpSubsystemClient initialize
Infos: Server responded with version 3
déc. 01, 2012 11:56:16 PM com.sshtools.j2ssh.connection.ConnectionProtocol closeChannel
Infos: Local computer has closed channel 1[sftp]
déc. 01, 2012 11:56:16 PM com.sshtools.j2ssh.connection.ConnectionProtocol onMsgChannelClose
Infos: Remote computer has closed channel 1[sftp]
déc. 01, 2012 11:56:16 PM com.sshtools.j2ssh.connection.Channel remoteClose
Infos: Remote side is closing channel
déc. 01, 2012 11:56:16 PM com.sshtools.j2ssh.connection.Channel close
Infos: Finializing channel close

</system-err>
        </testcase>
<!-- testcase JBehaviourReportRun [duration=18, klass=org.jbehaviour.plugins.remote, name=checkIfFileExistOnResource, text=with remote check if $file exist on $resource, textLikeMethod=withRemoteCheckIfFileExistOnResource, object=org.jbehaviour.plugins.remote.JBehaviourRemoteSteps@285396e1, args=[/etc/passwd, sftp@gandalf], pck=verifyWeCanMakeSomeTestWithRemote, result=true, excp=null] -->
        <testcase assertions="" classname="verifyWeCanMakeSomeTestWithRemote" name="withRemoteCheckIfFileExistOnResource" status="" time="0.018">
            <system-out>
</system-out>
            <system-err>
</system-err>
        </testcase>
<!-- testcase JBehaviourReportRun [duration=6, klass=org.jbehaviour.plugins.remote, name=createNewResource, text=with remote create $type resource $url identified by $resource, textLikeMethod=withRemoteCreateTypeResourceUrlIdentifiedByResource, object=org.jbehaviour.plugins.remote.JBehaviourRemoteSteps@285396e1, args=[ssh, ssh://none:none@localhost, ssh@gandalf], pck=verifyWeCanMakeSomeTestWithRemote, result=null, excp=null] -->
        <testcase assertions="" classname="verifyWeCanMakeSomeTestWithRemote" name="withRemoteCreateTypeResourceUrlIdentifiedByResource" status="" time="0.006">
            <system-out>
</system-out>
            <system-err>http://none:none@localhost

</system-err>
        </testcase>
<!-- testcase JBehaviourReportRun [duration=92, klass=org.jbehaviour.plugins.remote, name=executeCommand, text=with remote execute command $command on $resource, textLikeMethod=withRemoteExecuteCommandCommandOnResource, object=org.jbehaviour.plugins.remote.JBehaviourRemoteSteps@285396e1, args=[ls -lrt, ssh@gandalf], pck=verifyWeCanMakeSomeTestWithRemote, result=[host fictif>
host fictif>a b
host fictif>a b c
], excp=null] -->
        <testcase assertions="" classname="verifyWeCanMakeSomeTestWithRemote" name="withRemoteExecuteCommandCommandOnResource" status="" time="0.092">
            <system-out>
</system-out>
            <system-err>1868 [NioProcessor-3] INFO org.apache.sshd.server.session.ServerSession - Session created from /127.0.0.1:64076
1901 [NioProcessor-3] INFO org.jbehaviour.plugins.remote.MockSftpServer - Authenticate with none
1901 [NioProcessor-3] INFO org.apache.sshd.server.session.ServerSession - Session none@/127.0.0.1:64076 authenticated
1904 [main] INFO org.jbehaviour.plugins.remote.impl.SslFileSystemResource - The authentication is complete
1942 [NioProcessor-3] WARN org.apache.sshd.server.session.ServerSession - Exception caught
java.io.IOException: Pipe closed
	at org.apache.sshd.common.channel.ChannelPipedInputStream.receive(ChannelPipedInputStream.java:121)
	at org.apache.sshd.common.channel.ChannelPipedOutputStream.write(ChannelPipedOutputStream.java:48)
	at org.apache.sshd.server.channel.ChannelSession.doWriteData(ChannelSession.java:204)
	at org.apache.sshd.common.channel.AbstractChannel.handleData(AbstractChannel.java:127)
	at org.apache.sshd.common.session.AbstractSession.channelData(AbstractSession.java:988)
	at org.apache.sshd.server.session.ServerSession.running(ServerSession.java:232)
	at org.apache.sshd.server.session.ServerSession.handleMessage(ServerSession.java:205)
	at org.apache.sshd.common.session.AbstractSession.decode(AbstractSession.java:566)
	at org.apache.sshd.common.session.AbstractSession.messageReceived(AbstractSession.java:236)
	at org.apache.sshd.common.AbstractSessionIoHandler.messageReceived(AbstractSessionIoHandler.java:58)
	at org.apache.mina.core.filterchain.DefaultIoFilterChain$TailFilter.messageReceived(DefaultIoFilterChain.java:716)
	at org.apache.mina.core.filterchain.DefaultIoFilterChain.callNextMessageReceived(DefaultIoFilterChain.java:434)
	at org.apache.mina.core.filterchain.DefaultIoFilterChain.access$1200(DefaultIoFilterChain.java:46)
	at org.apache.mina.core.filterchain.DefaultIoFilterChain$EntryImpl$1.messageReceived(DefaultIoFilterChain.java:796)
	at org.apache.mina.core.filterchain.IoFilterAdapter.messageReceived(IoFilterAdapter.java:119)
	at org.apache.mina.core.filterchain.DefaultIoFilterChain.callNextMessageReceived(DefaultIoFilterChain.java:434)
	at org.apache.mina.core.filterchain.DefaultIoFilterChain.fireMessageReceived(DefaultIoFilterChain.java:426)
	at org.apache.mina.core.polling.AbstractPollingIoProcessor.read(AbstractPollingIoProcessor.java:697)
	at org.apache.mina.core.polling.AbstractPollingIoProcessor.process(AbstractPollingIoProcessor.java:651)
	at org.apache.mina.core.polling.AbstractPollingIoProcessor.process(AbstractPollingIoProcessor.java:640)
	at org.apache.mina.core.polling.AbstractPollingIoProcessor.access$600(AbstractPollingIoProcessor.java:67)
	at org.apache.mina.core.polling.AbstractPollingIoProcessor$Processor.run(AbstractPollingIoProcessor.java:1111)
	at org.apache.mina.util.NamePreservingRunnable.run(NamePreservingRunnable.java:64)
	at java.util.concurrent.ThreadPoolExecutor.runWorker(ThreadPoolExecutor.java:1110)
	at java.util.concurrent.ThreadPoolExecutor$Worker.run(ThreadPoolExecutor.java:603)
	at java.lang.Thread.run(Thread.java:722)
1945 [NioProcessor-3] INFO org.apache.sshd.server.session.ServerSession - Session none@/127.0.0.1:64076 closed

</system-err>
        </testcase>
    </testsuite>
</testsuites>
